<?xml version="1.0" encoding="UTF-8"?>
<!-- Generated by org.testng.reporters.JUnitXMLReporter -->
<testsuite ignored="0" hostname="ARUN" failures="0" tests="5" name="GRP-user-registration" time="0.064" errors="0" timestamp="2024-02-22T18:42:47 EST">
  <testcase classname="ui.GroupingTCbyClasslLevelandMethodLevel" name="aTest1" time="0.009"/>
  <testcase classname="ui.GroupingTCbyClasslLevelandMethodLevel" name="aTest2" time="0.001"/>
  <testcase classname="ui.GroupingTCbyClasslLevelandMethodLevel" name="aTest3" time="0.001"/>
  <testcase classname="ui.GroupingTCbyClasslLevelandMethodLevel" name="aTest4" time="0.001"/>
  <testcase classname="ui.GroupingTCbyClasslLevelandMethodLevel" name="aTest5" time="0.001"/>
</testsuite> <!-- GRP-user-registration -->
