<?xml version="1.0" encoding="UTF-8"?>
<!-- Generated by org.testng.reporters.JUnitXMLReporter -->
<testsuite ignored="1" hostname="ARUN" failures="0" tests="4" name="GRP-regression" time="0.05" errors="0" timestamp="2024-02-22T16:59:34 EST">
  <testcase classname="ui.GroupingTCbyClasslLevelandMethodLevel" name="aTest1" time="0.006"/>
  <testcase classname="ui.GroupingTCbyClasslLevelandMethodLevel" name="aTest2" time="0.001"/>
  <testcase classname="ui.GroupingTCbyClasslLevelandMethodLevel" name="aTest3" time="0.001"/>
  <testcase classname="ui.GroupingTCbyClasslLevelandMethodLevel" name="aTest5" time="0.001"/>
  <testcase classname="ui.GroupingTCbyClasslLevelandMethodLevel" name="aTest4" time="0.0">
    <ignored/>
  </testcase> <!-- aTest4 -->
</testsuite> <!-- GRP-regression -->
