<?xml version="1.0" encoding="UTF-8"?>
<!-- Generated by org.testng.reporters.JUnitXMLReporter -->
<testsuite ignored="0" hostname="ARUN" failures="1" tests="4" name="ListenerTesting Xml" time="4.362" errors="0" timestamp="2024-02-28T08:38:42 EST">
  <testcase classname="ui.ListenerScreenshotCapture" name="launchApp" time="1.505">
    <skipped/>
  </testcase> <!-- launchApp -->
  <testcase classname="ui.ListenerScreenshotCapture" name="launchApp" time="1.126">
    <skipped/>
  </testcase> <!-- launchApp -->
  <testcase classname="ui.ListenerScreenshotCapture" name="launchApp" time="0.89">
    <skipped/>
  </testcase> <!-- launchApp -->
  <testcase classname="ui.ListenerScreenshotCapture" name="launchApp" time="0.8">
    <failure type="java.lang.AssertionError" message="expected [true] but found [false]">
      <![CDATA[java.lang.AssertionError: expected [true] but found [false]
at ui.ListenerScreenshotCapture.launchApp(ListenerScreenshotCapture.java:15)
at java.base/java.util.ArrayList.forEach(ArrayList.java:1511)
... Removed 31 stack frames]]>
    </failure>
  </testcase> <!-- launchApp -->
</testsuite> <!-- ListenerTesting Xml -->
