<?xml version="1.0" encoding="UTF-8"?>
<!-- Generated by org.testng.reporters.JUnitXMLReporter -->
<testsuite ignored="2" hostname="ARUN" failures="0" tests="5" name="REgressionTest" time="0.063" errors="0" timestamp="2024-02-25T08:34:15 EST">
  <testcase classname="ui.GroupingTCbyClasslLevelandMethodLevel" name="aTest1" time="0.011"/>
  <testcase classname="ui.GroupingTCbyClasslLevelandMethodLevel" name="aTest2" time="0.001"/>
  <testcase classname="ui.GroupingTCbyClasslLevelandMethodLevel" name="aTest3" time="0.001"/>
  <testcase classname="ui.GroupingTCbyClasslLevelandMethodLevel" name="aTest5" time="0.0"/>
  <testcase classname="ui.LogintTest" name="aTest1" time="0.0"/>
  <testcase classname="ui.LogintTest" name="aTest2" time="0.0">
    <ignored/>
  </testcase> <!-- aTest2 -->
  <testcase classname="ui.GroupingTCbyClasslLevelandMethodLevel" name="aTest4" time="0.0">
    <ignored/>
  </testcase> <!-- aTest4 -->
</testsuite> <!-- REgressionTest -->
