<?xml version="1.0" encoding="UTF-8"?>
<!-- Generated by org.testng.reporters.JUnitXMLReporter -->
<testsuite ignored="0" hostname="ARUN" failures="0" tests="5" name="Test BEfore Suite After Suite" time="0.019" errors="0" timestamp="2024-02-25T19:07:07 EST">
  <testcase classname="ui.Grouping2TCbyClasslLevelandMethodLevel2" name="aTest1" time="0.001"/>
  <testcase classname="ui.Grouping2TCbyClasslLevelandMethodLevel2" name="aTest2" time="0.001"/>
  <testcase classname="ui.Grouping2TCbyClasslLevelandMethodLevel2" name="aTest3" time="0.002"/>
  <testcase classname="ui.Grouping2TCbyClasslLevelandMethodLevel2" name="aTest4" time="0.002"/>
  <testcase classname="ui.Grouping2TCbyClasslLevelandMethodLevel2" name="aTest5" time="0.001"/>
</testsuite> <!-- Test BEfore Suite After Suite -->
